
         ==============================
         S N O P T  7.2-5    (May 2007)
         ==============================
      Major iterations limit           10000
      Minor iterations limit           10000
      Iterations limit          150000
      Major feasibility tolerance  1.00000000E-12
      Major optimality tolerance  1.00000000E-04
      Minor feasibility tolerance  1.00000000E-12
      Derivative level               3
1
 
 SNMEMB EXIT 100 -- finished successfully
 SNMEMB INFO 104 -- memory requirements estimated

         ==============================
         S N O P T  7.2-5    (May 2007)
         ==============================
      Major iterations limit           10000
      Minor iterations limit           10000
      Iterations limit          150000
      Major feasibility tolerance  1.00000000E-12
      Major optimality tolerance  1.00000000E-04
      Minor feasibility tolerance  1.00000000E-12
      Derivative level               3
1
 
 Parameters
 ==========

 Files
 -----
 Solution file..........         0       Old basis file ........         0       Standard input.........         5
 Insert file............         0       New basis file ........         0       (Printer)..............        18
 Punch file.............         0       Backup basis file......         0       (Specs file)...........         0
 Load file..............         0       Dump file..............         0       Standard output........         6

 Frequencies
 -----------
 Print frequency........       100       Check frequency........        60       Save new basis map.....       100
 Summary frequency......       100       Factorization frequency        50       Expand frequency.......     10000

 QP subproblems
 --------------
 QPsolver Cholesky......
 Scale tolerance........     0.900       Minor feasibility tol..  1.00E-12       Iteration limit........    150000
 Scale option...........         0       Minor optimality  tol..  1.00E-06       Minor print level......         1
 Crash tolerance........     0.100       Pivot tolerance........  3.25E-11       Partial price..........         1
 Crash option...........         3       Elastic weight.........  1.00E+04       Prtl price section ( A)      1849
                                         New superbasics........        99       Prtl price section (-I)         1

 The SQP Method
 --------------
 Minimize...............                 Cold start.............                 Proximal Point method..         1
 Nonlinear objectiv vars      1849       Major optimality tol...  1.00E-04       Function precision.....  3.00E-13
 Unbounded step size....  1.00E+20       Superbasics limit......      1849       Difference interval....  5.48E-07
 Unbounded objective....  1.00E+15       Reduced Hessian dim....      1849       Central difference int.  6.70E-05
 Major step limit.......  2.00E+00       Derivative linesearch..                 Derivative level.......         3
 Major iterations limit.     10000       Linesearch tolerance...   0.90000       Verify level...........         0
 Minor iterations limit.     10000       Penalty parameter......  0.00E+00       Major Print Level......         1

 Hessian Approximation
 ---------------------
 Limited-Memory Hessian.                 Hessian updates........        10       Hessian frequency......  99999999
                                                                                 Hessian flush..........  99999999

 Nonlinear constraints
 ---------------------
 Nonlinear constraints..         1       Major feasibility tol..  1.00E-12       Violation limit........  1.00E+06
 Nonlinear Jacobian vars      1849

 Miscellaneous
 -------------
 LU factor tolerance....      3.99       LU singularity tol.....  3.25E-11       Timing level...........         3
 LU update tolerance....      3.99       LU swap tolerance......  1.22E-04       Debug level............         0
 LU partial  pivoting...                 eps (machine precision)  2.22E-16       System information.....        No
1
 

 

 Matrix statistics
 -----------------
               Total      Normal        Free       Fixed     Bounded
 Rows              1           0           1           0           0
 Columns        1849           0           0           0        1849

 No. of matrix elements                 1849     Density     100.000
 Biggest                          0.0000E+00  (excluding fixed columns,
 Smallest                         0.0000E+00   free rows, and RHS)

 No. of objective coefficients             0

 Nonlinear constraints       1     Linear constraints       0
 Nonlinear variables      1849     Linear variables         0
 Jacobian  variables      1849     Objective variables   1849
 Total constraints           1     Total variables       1849
1
 

 
 The user has defined    1849   out of    1849   constraint gradients.
 The user has defined    1849   out of    1849   objective  gradients.

 Cheap test of user-supplied problem derivatives...

 The constraint gradients seem to be OK.

 -->  The largest discrepancy was    0.00E+00  in constraint  1850
 

 The objective  gradients seem to be OK.

 Gradient projected in one direction   1.15605854076E-03
 Difference approximation              1.15610534330E-03
1
 

    Itn       QPmult  QPstep   nInf   SumInf   rgNorm    QPobjective   +SBS   -SBS    -BS    Pivot     L+U ncp    nS  condHz
    100      1.9E-01 1.0E+00                          -5.4485643E+01    988                              1        12 1.0E+00
 

   Itns Major Minors    Step   nCon Feasible  Optimal  MeritFunction     L+U BSwap     nS  condHz Penalty
    187     0    187              1 (0.0E+00) 8.6E-01  7.4335273E-02       1           99 1.0E+00         _  r  T

    Itn       QPmult  QPstep   nInf   SumInf   rgNorm    QPobjective   +SBS   -SBS    -BS    Pivot     L+U ncp    nS  condHz
    287      7.8E-02 1.0E+00                  1.4E-17 -3.2183952E+01   1131                              1       129 1.0E+00

   Itns Major Minors    Step   nCon Feasible  Optimal  MeritFunction     L+U BSwap     nS  condHz Penalty
    360     1    173 1.0E-03      3 (0.0E+00) 4.3E-01  2.7656879E-02       1          202 1.0E+00         _n r  T

    Itn       QPmult  QPstep   nInf   SumInf   rgNorm    QPobjective   +SBS   -SBS    -BS    Pivot     L+U ncp    nS  condHz
    460      6.8E-03 1.0E+00                  2.0E-20  7.9998839E-03   1361                              1       299 1.1E+00

   Itns Major Minors    Step   nCon Feasible  Optimal  MeritFunction     L+U BSwap     nS  condHz Penalty
    462     2    102 5.7E-04      5 (0.0E+00) 2.8E-01  1.4105354E-02       1          301 1.1E+00         _s    T
    530     3     68 1.0E+00      6 (0.0E+00) 1.8E-01  7.9302591E-03       1          368 1.2E+00         _
    571     4     41 1.0E+00      7 (0.0E+00) 9.4E-02  5.8935797E-03       1          408 1.2E+00         _

    Itn       QPmult  QPstep   nInf   SumInf   rgNorm    QPobjective   +SBS   -SBS    -BS    Pivot     L+U ncp    nS  condHz
    671      3.5E-05 1.0E+00                  1.4E-20  4.0659557E-03   1649                              1       507 1.4E+00

   Itns Major Minors    Step   nCon Feasible  Optimal  MeritFunction     L+U BSwap     nS  condHz Penalty
    671     5    100 1.0E+00      8 (0.0E+00) 5.4E-02  4.6983217E-03       1          507 1.4E+00         _     T

    Itn       QPmult  QPstep   nInf   SumInf   rgNorm    QPobjective   +SBS   -SBS    -BS    Pivot     L+U ncp    nS  condHz
    771      2.2E-05 1.0E+00                  5.4E-30  3.1260937E-03   1557                              1       606 1.5E+00

   Itns Major Minors    Step   nCon Feasible  Optimal  MeritFunction     L+U BSwap     nS  condHz Penalty
    771     6    100 1.0E+00      9 (0.0E+00) 4.9E-02  3.7809721E-03       1          606 1.5E+00         _     T

    Itn       QPmult  QPstep   nInf   SumInf   rgNorm    QPobjective   +SBS   -SBS    -BS    Pivot     L+U ncp    nS  condHz
    871      1.4E-05 1.0E+00                  2.0E-29  2.5805781E-03     61                              1       705 1.7E+00

   Itns Major Minors    Step   nCon Feasible  Optimal  MeritFunction     L+U BSwap     nS  condHz Penalty
    871     7    100 1.0E+00     10 (0.0E+00) 6.6E-02  2.9491763E-03       1          705 1.7E+00         _     T

    Itn       QPmult  QPstep   nInf   SumInf   rgNorm    QPobjective   +SBS   -SBS    -BS    Pivot     L+U ncp    nS  condHz
    971     -1.0E-05 1.0E+00                  1.7E-21  2.0950355E-03   1759                              1       804 1.9E+00

   Itns Major Minors    Step   nCon Feasible  Optimal  MeritFunction     L+U BSwap     nS  condHz Penalty
    971     8    100 1.0E+00     11 (0.0E+00) 5.9E-02  2.4528496E-03       1          804 1.9E+00         _     T

    Itn       QPmult  QPstep   nInf   SumInf   rgNorm    QPobjective   +SBS   -SBS    -BS    Pivot     L+U ncp    nS  condHz
   1071      7.4E-06 1.0E+00                  9.9E-31  1.6661814E-03    500                              1       903 2.0E+00

   Itns Major Minors    Step   nCon Feasible  Optimal  MeritFunction     L+U BSwap     nS  condHz Penalty
   1071     9    100 1.0E+00     12 (0.0E+00) 3.2E-02  1.9617649E-03       1          903 2.0E+00         _     T

    Itn       QPmult  QPstep   nInf   SumInf   rgNorm    QPobjective   +SBS   -SBS    -BS    Pivot     L+U ncp    nS  condHz
   1171      5.2E-06 1.0E+00                  1.2E-30  1.3849343E-03   1208                              1      1002 2.1E+00

   Itns Major Minors    Step   nCon Feasible  Optimal  MeritFunction     L+U BSwap     nS  condHz Penalty
   1171    10    100 1.0E+00     13 (0.0E+00) 2.7E-02  1.5738307E-03       1         1002 2.1E+00         _     T

    Itn       QPmult  QPstep   nInf   SumInf   rgNorm    QPobjective   +SBS   -SBS    -BS    Pivot     L+U ncp    nS  condHz
   1271      3.9E-06 1.0E+00                  8.5E-22  1.2181245E-03    669                              1      1101 2.4E+00

   Itns Major Minors    Step   nCon Feasible  Optimal  MeritFunction     L+U BSwap     nS  condHz Penalty
   1271    11    100 1.0E+00     14 (0.0E+00) 3.2E-02  1.3427494E-03       1         1101 2.4E+00         _     T

    Itn       QPmult  QPstep   nInf   SumInf   rgNorm    QPobjective   +SBS   -SBS    -BS    Pivot     L+U ncp    nS  condHz
   1371      2.8E-06 1.0E+00                  4.2E-22  1.1262556E-03    637                              1      1200 1.6E+00

   Itns Major Minors    Step   nCon Feasible  Optimal  MeritFunction     L+U BSwap     nS  condHz Penalty
   1371    12    100 1.0E+00     15 (0.0E+00) 2.7E-02  1.1835593E-03       1         1200 1.6E+00         _  R  T
