
 ==============================
 S N O P T  7.2-5    (May 2007)
 ==============================
 
 SNMEMB EXIT 100 -- finished successfully
 SNMEMB INFO 104 -- memory requirements estimated

 ==============================
 S N O P T  7.2-5    (May 2007)
 ==============================
 
 

 Nonlinear constraints       1     Linear constraints       0
 Nonlinear variables      1849     Linear variables         0
 Jacobian  variables      1849     Objective variables   1849
 Total constraints           1     Total variables       1849
 

 
 The user has defined    1849   out of    1849   constraint gradients.
 The user has defined    1849   out of    1849   objective  gradients.
 

        Minor   QPmult   nInf   SumInf   rgNorm    QPobjective    nS
          100  1.9E-01                          -5.4485643E+01    12

 Major Minors     Step   nCon Feasible  Optimal  MeritFunction    nS Penalty
     0    187               1 (0.0E+00) 8.6E-01  7.4335273E-02    99           r  T

        Minor   QPmult   nInf   SumInf   rgNorm    QPobjective    nS
          100  7.8E-02                  1.4E-17 -3.2183952E+01   129

 Major Minors     Step   nCon Feasible  Optimal  MeritFunction    nS Penalty
     1    173  1.0E-03      3 (0.0E+00) 4.3E-01  2.7656879E-02   202         n r  T

        Minor   QPmult   nInf   SumInf   rgNorm    QPobjective    nS
          100  6.8E-03                  2.0E-20  7.9998839E-03   299

 Major Minors     Step   nCon Feasible  Optimal  MeritFunction    nS Penalty
     2    102  5.7E-04      5 (0.0E+00) 2.8E-01  1.4105354E-02   301         s    T
     3     68  1.0E+00      6 (0.0E+00) 1.8E-01  7.9302591E-03   368
     4     41  1.0E+00      7 (0.0E+00) 9.4E-02  5.8935797E-03   408

        Minor   QPmult   nInf   SumInf   rgNorm    QPobjective    nS
          100  3.5E-05                  1.4E-20  4.0659557E-03   507

 Major Minors     Step   nCon Feasible  Optimal  MeritFunction    nS Penalty
     5    100  1.0E+00      8 (0.0E+00) 5.4E-02  4.6983217E-03   507              T

        Minor   QPmult   nInf   SumInf   rgNorm    QPobjective    nS
          100  2.2E-05                  5.4E-30  3.1260937E-03   606

 Major Minors     Step   nCon Feasible  Optimal  MeritFunction    nS Penalty
     6    100  1.0E+00      9 (0.0E+00) 4.9E-02  3.7809721E-03   606              T

        Minor   QPmult   nInf   SumInf   rgNorm    QPobjective    nS
          100  1.4E-05                  2.0E-29  2.5805781E-03   705

 Major Minors     Step   nCon Feasible  Optimal  MeritFunction    nS Penalty
     7    100  1.0E+00     10 (0.0E+00) 6.6E-02  2.9491763E-03   705              T

        Minor   QPmult   nInf   SumInf   rgNorm    QPobjective    nS
          100 -1.0E-05                  1.7E-21  2.0950355E-03   804

 Major Minors     Step   nCon Feasible  Optimal  MeritFunction    nS Penalty
     8    100  1.0E+00     11 (0.0E+00) 5.9E-02  2.4528496E-03   804              T

        Minor   QPmult   nInf   SumInf   rgNorm    QPobjective    nS
          100  7.4E-06                  9.9E-31  1.6661814E-03   903

 Major Minors     Step   nCon Feasible  Optimal  MeritFunction    nS Penalty
     9    100  1.0E+00     12 (0.0E+00) 3.2E-02  1.9617649E-03   903              T

        Minor   QPmult   nInf   SumInf   rgNorm    QPobjective    nS
          100  5.2E-06                  1.2E-30  1.3849343E-03  1002

 Major Minors     Step   nCon Feasible  Optimal  MeritFunction    nS Penalty
    10    100  1.0E+00     13 (0.0E+00) 2.7E-02  1.5738307E-03  1002              T

        Minor   QPmult   nInf   SumInf   rgNorm    QPobjective    nS
          100  3.9E-06                  8.5E-22  1.2181245E-03  1101

 Major Minors     Step   nCon Feasible  Optimal  MeritFunction    nS Penalty
    11    100  1.0E+00     14 (0.0E+00) 3.2E-02  1.3427494E-03  1101              T

        Minor   QPmult   nInf   SumInf   rgNorm    QPobjective    nS
          100  2.8E-06                  4.2E-22  1.1262556E-03  1200

 Major Minors     Step   nCon Feasible  Optimal  MeritFunction    nS Penalty
    12    100  1.0E+00     15 (0.0E+00) 2.7E-02  1.1835593E-03  1200           R  T
